15-Apr-2016 17:17:25.342 INFO [main] org.apache.catalina.startup.VersionLoggerListener.log Server version:        Apache Tomcat/8.0.24
15-Apr-2016 17:17:25.358 INFO [main] org.apache.catalina.startup.VersionLoggerListener.log Server built:          Jul 1 2015 20:19:55 UTC
15-Apr-2016 17:17:25.358 INFO [main] org.apache.catalina.startup.VersionLoggerListener.log Server number:         8.0.24.0
15-Apr-2016 17:17:25.358 INFO [main] org.apache.catalina.startup.VersionLoggerListener.log OS Name:               Windows 10
15-Apr-2016 17:17:25.358 INFO [main] org.apache.catalina.startup.VersionLoggerListener.log OS Version:            10.0
15-Apr-2016 17:17:25.358 INFO [main] org.apache.catalina.startup.VersionLoggerListener.log Architecture:          amd64
15-Apr-2016 17:17:25.358 INFO [main] org.apache.catalina.startup.VersionLoggerListener.log Java Home:             C:\Program Files\Java\jdk1.8.0_77\jre
15-Apr-2016 17:17:25.358 INFO [main] org.apache.catalina.startup.VersionLoggerListener.log JVM Version:           1.8.0_77-b03
15-Apr-2016 17:17:25.358 INFO [main] org.apache.catalina.startup.VersionLoggerListener.log JVM Vendor:            Oracle Corporation
15-Apr-2016 17:17:25.358 INFO [main] org.apache.catalina.startup.VersionLoggerListener.log CATALINA_BASE:         C:\Users\Rubens-Mackenzie\Desktop\LP3\apache-tomcat-8.0.24
15-Apr-2016 17:17:25.358 INFO [main] org.apache.catalina.startup.VersionLoggerListener.log CATALINA_HOME:         C:\Users\Rubens-Mackenzie\Desktop\LP3\apache-tomcat-8.0.24
15-Apr-2016 17:17:25.358 INFO [main] org.apache.catalina.startup.VersionLoggerListener.log Command line argument: -Djava.util.logging.config.file=C:\Users\Rubens-Mackenzie\Desktop\LP3\apache-tomcat-8.0.24\conf\logging.properties
15-Apr-2016 17:17:25.358 INFO [main] org.apache.catalina.startup.VersionLoggerListener.log Command line argument: -Djava.util.logging.manager=org.apache.juli.ClassLoaderLogManager
15-Apr-2016 17:17:25.358 INFO [main] org.apache.catalina.startup.VersionLoggerListener.log Command line argument: -Djava.endorsed.dirs=C:\Users\Rubens-Mackenzie\Desktop\LP3\apache-tomcat-8.0.24\endorsed
15-Apr-2016 17:17:25.358 INFO [main] org.apache.catalina.startup.VersionLoggerListener.log Command line argument: -Dcatalina.base=C:\Users\Rubens-Mackenzie\Desktop\LP3\apache-tomcat-8.0.24
15-Apr-2016 17:17:25.358 INFO [main] org.apache.catalina.startup.VersionLoggerListener.log Command line argument: -Dcatalina.home=C:\Users\Rubens-Mackenzie\Desktop\LP3\apache-tomcat-8.0.24
15-Apr-2016 17:17:25.358 INFO [main] org.apache.catalina.startup.VersionLoggerListener.log Command line argument: -Djava.io.tmpdir=C:\Users\Rubens-Mackenzie\Desktop\LP3\apache-tomcat-8.0.24\temp
15-Apr-2016 17:17:25.358 INFO [main] org.apache.catalina.core.AprLifecycleListener.lifecycleEvent The APR based Apache Tomcat Native library which allows optimal performance in production environments was not found on the java.library.path: C:\Program Files\Java\jdk1.8.0_77\bin;C:\Windows\Sun\Java\bin;C:\Windows\system32;C:\Windows;C:\ProgramData\Oracle\Java\javapath;C:\Windows\system32;C:\Windows;C:\Windows\System32\Wbem;C:\Windows\System32\WindowsPowerShell\v1.0\;.
15-Apr-2016 17:17:26.124 INFO [main] org.apache.coyote.AbstractProtocol.init Initializing ProtocolHandler ["http-nio-8080"]
15-Apr-2016 17:17:26.358 INFO [main] org.apache.tomcat.util.net.NioSelectorPool.getSharedSelector Using a shared selector for servlet write/read
15-Apr-2016 17:17:26.358 INFO [main] org.apache.coyote.AbstractProtocol.init Initializing ProtocolHandler ["ajp-nio-8009"]
15-Apr-2016 17:17:26.373 INFO [main] org.apache.tomcat.util.net.NioSelectorPool.getSharedSelector Using a shared selector for servlet write/read
15-Apr-2016 17:17:26.389 INFO [main] org.apache.catalina.startup.Catalina.load Initialization processed in 2302 ms
15-Apr-2016 17:17:26.498 INFO [main] org.apache.catalina.core.StandardService.startInternal Starting service Catalina
15-Apr-2016 17:17:26.498 INFO [main] org.apache.catalina.core.StandardEngine.startInternal Starting Servlet Engine: Apache Tomcat/8.0.24
15-Apr-2016 17:17:26.530 INFO [localhost-startStop-1] org.apache.catalina.startup.HostConfig.deployDirectory Deploying web application directory C:\Users\Rubens-Mackenzie\Desktop\LP3\apache-tomcat-8.0.24\webapps\docs
15-Apr-2016 17:17:27.311 INFO [localhost-startStop-1] org.apache.catalina.startup.HostConfig.deployDirectory Deployment of web application directory C:\Users\Rubens-Mackenzie\Desktop\LP3\apache-tomcat-8.0.24\webapps\docs has finished in 765 ms
15-Apr-2016 17:17:27.311 INFO [localhost-startStop-1] org.apache.catalina.startup.HostConfig.deployDirectory Deploying web application directory C:\Users\Rubens-Mackenzie\Desktop\LP3\apache-tomcat-8.0.24\webapps\examples
15-Apr-2016 17:17:28.639 INFO [localhost-startStop-1] org.apache.catalina.startup.HostConfig.deployDirectory Deployment of web application directory C:\Users\Rubens-Mackenzie\Desktop\LP3\apache-tomcat-8.0.24\webapps\examples has finished in 1,328 ms
15-Apr-2016 17:17:28.639 INFO [localhost-startStop-1] org.apache.catalina.startup.HostConfig.deployDirectory Deploying web application directory C:\Users\Rubens-Mackenzie\Desktop\LP3\apache-tomcat-8.0.24\webapps\host-manager
15-Apr-2016 17:17:28.858 INFO [localhost-startStop-1] org.apache.catalina.startup.HostConfig.deployDirectory Deployment of web application directory C:\Users\Rubens-Mackenzie\Desktop\LP3\apache-tomcat-8.0.24\webapps\host-manager has finished in 219 ms
15-Apr-2016 17:17:28.858 INFO [localhost-startStop-1] org.apache.catalina.startup.HostConfig.deployDirectory Deploying web application directory C:\Users\Rubens-Mackenzie\Desktop\LP3\apache-tomcat-8.0.24\webapps\manager
15-Apr-2016 17:17:28.920 INFO [localhost-startStop-1] org.apache.catalina.startup.HostConfig.deployDirectory Deployment of web application directory C:\Users\Rubens-Mackenzie\Desktop\LP3\apache-tomcat-8.0.24\webapps\manager has finished in 62 ms
15-Apr-2016 17:17:28.920 INFO [localhost-startStop-1] org.apache.catalina.startup.HostConfig.deployDirectory Deploying web application directory C:\Users\Rubens-Mackenzie\Desktop\LP3\apache-tomcat-8.0.24\webapps\ROOT
15-Apr-2016 17:17:28.999 INFO [localhost-startStop-1] org.apache.catalina.startup.HostConfig.deployDirectory Deployment of web application directory C:\Users\Rubens-Mackenzie\Desktop\LP3\apache-tomcat-8.0.24\webapps\ROOT has finished in 79 ms
15-Apr-2016 17:17:29.014 INFO [main] org.apache.coyote.AbstractProtocol.start Starting ProtocolHandler ["http-nio-8080"]
15-Apr-2016 17:17:29.030 INFO [main] org.apache.coyote.AbstractProtocol.start Starting ProtocolHandler ["ajp-nio-8009"]
15-Apr-2016 17:17:29.046 INFO [main] org.apache.catalina.startup.Catalina.start Server startup in 2667 ms
